<?xml version="1.0" encoding="UTF-8" ?>
<testsuite tests="8" failures="0" name="bank.testrunner.RunTest" time="0.031" errors="0" skipped="0">
  <properties>
[...]
</properties>
  <testcase classname="Scenario: Login Functionality for valid username and password" name="When user opens the &quot;chrome&quot; browser and exe &quot;E:\\PrimusBank\\src\\test\\resources\\DRIVERS\\chromedriver.exe&quot;" time="0.028"/>
  <testcase classname="Scenario: Login Functionality for valid username and password" name="And user enters the url &quot;http://primusbank.qedgetech.com/&quot;" time="0"/>
  <testcase classname="Scenario: Login Functionality for valid username and password" name="Given user is on the application login page" time="0"/>
  <testcase classname="Scenario: Login Functionality for valid username and password" name="When user enters &quot;Admin&quot; as username" time="0"/>
  <testcase classname="Scenario: Login Functionality for valid username and password" name="And user enters &quot;Admin&quot; as password" time="0"/>
  <testcase classname="Scenario: Login Functionality for valid username and password" name="And user clicks on login button" time="0"/>
  <testcase classname="Scenario: Login Functionality for valid username and password" name="Then user is on the Admin main page and get message as Welcome to Admin" time="0"/>
  <testcase classname="Scenario: Login Functionality for valid username and password" name="Scenario: Login Functionality for valid username and password" time="0.003"/>
</testsuite>